Sun Jun 19 21:15:53 2005  
Sun Jun 19 21:15:53 2005  
Sun Jun 19 21:15:53 2005  Msieve v. 1.00
Sun Jun 19 21:15:53 2005  random seeds: 8db7b19e f0036ab9
Sun Jun 19 21:15:53 2005  factoring 10000 (5 digits)
Sun Jun 19 21:15:53 2005  p1 factor: 2
Sun Jun 19 21:15:53 2005  p1 factor: 2
Sun Jun 19 21:15:53 2005  p1 factor: 2
Sun Jun 19 21:15:53 2005  p1 factor: 2
Sun Jun 19 21:15:53 2005  p1 factor: 5
Sun Jun 19 21:15:53 2005  p1 factor: 5
Sun Jun 19 21:15:53 2005  p1 factor: 5
Sun Jun 19 21:15:53 2005  p1 factor: 5
Sun Jun 19 21:15:55 2005  
Sun Jun 19 21:15:55 2005  
Sun Jun 19 21:15:55 2005  Msieve v. 1.00
Sun Jun 19 21:15:55 2005  random seeds: 3583ea6e 245b2452
Sun Jun 19 21:15:55 2005  factoring 10000121 (8 digits)
Sun Jun 19 21:15:55 2005  prp8 factor: 10000121
Sun Jun 19 21:19:27 2005  
Sun Jun 19 21:19:27 2005  
Sun Jun 19 21:19:27 2005  Msieve v. 1.00
Sun Jun 19 21:19:27 2005  random seeds: fa63722e 39a02e81
Sun Jun 19 21:19:27 2005  factoring 10000121 (8 digits)
Sun Jun 19 21:19:27 2005  prp8 factor: 10000121
Sun Jun 19 21:19:42 2005  
Sun Jun 19 21:19:42 2005  
Sun Jun 19 21:19:42 2005  Msieve v. 1.00
Sun Jun 19 21:19:42 2005  random seeds: 1bee945b 436e06ca
Sun Jun 19 21:19:42 2005  factoring 10000121 (8 digits)
Sun Jun 19 21:19:42 2005  prp8 factor: 10000121
Sun Jun 19 21:19:48 2005  
Sun Jun 19 21:19:48 2005  
Sun Jun 19 21:19:48 2005  Msieve v. 1.00
Sun Jun 19 21:19:48 2005  random seeds: 4efcfbfc 20ac8c19
Sun Jun 19 21:19:48 2005  factoring 10000121212 (11 digits)
Sun Jun 19 21:19:48 2005  p1 factor: 2
Sun Jun 19 21:19:48 2005  p1 factor: 2
Sun Jun 19 21:19:48 2005  p4 factor: 1627
Sun Jun 19 21:19:48 2005  prp7 factor: 1536589
Sun Jun 19 21:59:23 2005  
Sun Jun 19 21:59:23 2005  
Sun Jun 19 21:59:23 2005  Msieve v. 1.00
Sun Jun 19 21:59:23 2005  random seeds: 48533206 3062167c
Sun Jun 19 21:59:23 2005  factoring 1002 (4 digits)
Sun Jun 19 21:59:23 2005  p1 factor: 2
Sun Jun 19 21:59:23 2005  p1 factor: 3
Sun Jun 19 21:59:23 2005  p3 factor: 167
Sun Jun 19 22:16:29 2005  
Sun Jun 19 22:16:29 2005  
Sun Jun 19 22:16:29 2005  Msieve v. 1.00
Sun Jun 19 22:16:29 2005  random seeds: f9485c56 6abac9bc
Sun Jun 19 22:16:29 2005  factoring 1002 (4 digits)
Sun Jun 19 22:16:29 2005  p1 factor: 2
Sun Jun 19 22:16:29 2005  p1 factor: 3
Sun Jun 19 22:16:29 2005  p3 factor: 167
Sun Jun 19 22:18:56 2005  
Sun Jun 19 22:18:56 2005  
Sun Jun 19 22:18:56 2005  Msieve v. 1.00
Sun Jun 19 22:18:56 2005  random seeds: 7b81918a 6ca92ab1
Sun Jun 19 22:18:56 2005  factoring 1111112112121 (13 digits)
Sun Jun 19 22:18:56 2005  p2 factor: 11
Sun Jun 19 22:18:56 2005  p3 factor: 101
Sun Jun 19 22:18:56 2005  prp10 factor: 1000100911
Sun Jun 19 22:19:26 2005  
Sun Jun 19 22:19:26 2005  
Sun Jun 19 22:19:26 2005  Msieve v. 1.00
Sun Jun 19 22:19:26 2005  random seeds: 58999ec3 3c756f8f
Sun Jun 19 22:19:26 2005  factoring 123 (3 digits)
Sun Jun 19 22:19:26 2005  p1 factor: 3
Sun Jun 19 22:19:26 2005  p2 factor: 41
Sun Jun 19 22:19:27 2005  
Sun Jun 19 22:19:27 2005  
Sun Jun 19 22:19:27 2005  Msieve v. 1.00
Sun Jun 19 22:19:27 2005  random seeds: 58999ec3 3c756f8f
Sun Jun 19 22:19:27 2005  factoring 124 (3 digits)
Sun Jun 19 22:19:27 2005  p1 factor: 2
Sun Jun 19 22:19:27 2005  p1 factor: 2
Sun Jun 19 22:19:27 2005  p2 factor: 31
Sun Jun 19 22:19:28 2005  
Sun Jun 19 22:19:28 2005  
Sun Jun 19 22:19:28 2005  Msieve v. 1.00
Sun Jun 19 22:19:28 2005  random seeds: 58999ec3 3c756f8f
Sun Jun 19 22:19:28 2005  factoring 123 (3 digits)
Sun Jun 19 22:19:28 2005  p1 factor: 3
Sun Jun 19 22:19:28 2005  p2 factor: 41
Sun Jun 19 22:19:48 2005  
Sun Jun 19 22:19:48 2005  
Sun Jun 19 22:19:48 2005  Msieve v. 1.00
Sun Jun 19 22:19:48 2005  random seeds: 9f854c8a 4f3d7e6b
Sun Jun 19 22:19:48 2005  factoring 1234 (4 digits)
Sun Jun 19 22:19:48 2005  p1 factor: 2
Sun Jun 19 22:19:48 2005  p3 factor: 617
Sun Jun 19 22:21:51 2005  
Sun Jun 19 22:21:51 2005  
Sun Jun 19 22:21:51 2005  Msieve v. 1.00
Sun Jun 19 22:21:51 2005  random seeds: 5221cc18 35136b02
Sun Jun 19 22:21:51 2005  factoring 1212435411111111231231123121 (28 digits)
Sun Jun 19 22:21:51 2005  using multiplier of 1
Sun Jun 19 22:21:51 2005  using sieve block of 65536
Sun Jun 19 22:21:51 2005  using a sieve bound of 3907 (263 primes)
Sun Jun 19 22:21:51 2005  using large prime bound of 156280 (17 bits)
Sun Jun 19 22:21:51 2005  restarting with 349 full and 1963 partial relations
Sun Jun 19 22:21:51 2005  768 relations (349 full + 419 combined from 1963 partial), need 359
Sun Jun 19 22:21:51 2005  begin with 1963 relations
Sun Jun 19 22:21:51 2005  reduce to 749 relations in 2 passes
Sun Jun 19 22:21:51 2005  attempting to read 349 full and 749 partial relations
Sun Jun 19 22:21:51 2005  recovered 349 full and 749 partial relations
Sun Jun 19 22:21:51 2005  recovered 4 polynomials
Sun Jun 19 22:21:51 2005  attempting to build 419 cycles
Sun Jun 19 22:21:51 2005  found 419 cycles in 1 passes
Sun Jun 19 22:21:51 2005  distribution of cycle lengths:
Sun Jun 19 22:21:51 2005     length 2 : 419
Sun Jun 19 22:21:51 2005  largest cycle: 2 relations
Sun Jun 19 22:21:51 2005  263 x 327 system, weight 3581 (avg 10.95/col)
Sun Jun 19 22:21:51 2005  reduce to 233 x 297 in 2 passes
Sun Jun 19 22:21:51 2005  lanczos halted after 5 iterations
Sun Jun 19 22:21:51 2005  recovered 63 nontrivial dependencies
Sun Jun 19 22:21:51 2005  prp7 factor: 3622687
Sun Jun 19 22:21:51 2005  prp8 factor: 18635381
Sun Jun 19 22:21:51 2005  prp14 factor: 17959304881043
Sun Jun 19 22:21:51 2005  elapsed time 00:00:00
Sun Jun 19 22:22:01 2005  
Sun Jun 19 22:22:01 2005  
Sun Jun 19 22:22:01 2005  Msieve v. 1.00
Sun Jun 19 22:22:01 2005  random seeds: 2eb58418 fc4a28ba
Sun Jun 19 22:22:01 2005  factoring 1212435411111111231231123121 (28 digits)
Sun Jun 19 22:22:01 2005  using multiplier of 1
Sun Jun 19 22:22:01 2005  using sieve block of 65536
Sun Jun 19 22:22:01 2005  using a sieve bound of 3907 (263 primes)
Sun Jun 19 22:22:01 2005  using large prime bound of 156280 (17 bits)
Sun Jun 19 22:22:01 2005  restarting with 349 full and 1963 partial relations
Sun Jun 19 22:22:01 2005  768 relations (349 full + 419 combined from 1963 partial), need 359
Sun Jun 19 22:22:01 2005  begin with 1963 relations
Sun Jun 19 22:22:01 2005  reduce to 749 relations in 2 passes
Sun Jun 19 22:22:01 2005  attempting to read 349 full and 749 partial relations
Sun Jun 19 22:22:01 2005  recovered 349 full and 749 partial relations
Sun Jun 19 22:22:01 2005  recovered 4 polynomials
Sun Jun 19 22:22:01 2005  attempting to build 419 cycles
Sun Jun 19 22:22:01 2005  found 419 cycles in 1 passes
Sun Jun 19 22:22:01 2005  distribution of cycle lengths:
Sun Jun 19 22:22:01 2005     length 2 : 419
Sun Jun 19 22:22:01 2005  largest cycle: 2 relations
Sun Jun 19 22:22:01 2005  263 x 327 system, weight 3581 (avg 10.95/col)
Sun Jun 19 22:22:01 2005  reduce to 233 x 297 in 2 passes
Sun Jun 19 22:22:01 2005  lanczos halted after 5 iterations
Sun Jun 19 22:22:01 2005  recovered 63 nontrivial dependencies
Sun Jun 19 22:22:01 2005  prp7 factor: 3622687
Sun Jun 19 22:22:01 2005  prp8 factor: 18635381
Sun Jun 19 22:22:01 2005  prp14 factor: 17959304881043
Sun Jun 19 22:22:01 2005  elapsed time 00:00:00
Sun Jun 19 22:22:02 2005  
Sun Jun 19 22:22:02 2005  
Sun Jun 19 22:22:02 2005  Msieve v. 1.00
Sun Jun 19 22:22:02 2005  random seeds: f1302908 35e56d74
Sun Jun 19 22:22:02 2005  factoring 1212435411111111231231123121 (28 digits)
Sun Jun 19 22:22:02 2005  using multiplier of 1
Sun Jun 19 22:22:02 2005  using sieve block of 65536
Sun Jun 19 22:22:02 2005  using a sieve bound of 3907 (263 primes)
Sun Jun 19 22:22:02 2005  using large prime bound of 156280 (17 bits)
Sun Jun 19 22:22:02 2005  restarting with 349 full and 1963 partial relations
Sun Jun 19 22:22:02 2005  768 relations (349 full + 419 combined from 1963 partial), need 359
Sun Jun 19 22:22:02 2005  begin with 1963 relations
Sun Jun 19 22:22:02 2005  reduce to 749 relations in 2 passes
Sun Jun 19 22:22:02 2005  attempting to read 349 full and 749 partial relations
Sun Jun 19 22:22:02 2005  recovered 349 full and 749 partial relations
Sun Jun 19 22:22:02 2005  recovered 4 polynomials
Sun Jun 19 22:22:02 2005  attempting to build 419 cycles
Sun Jun 19 22:22:02 2005  found 419 cycles in 1 passes
Sun Jun 19 22:22:02 2005  distribution of cycle lengths:
Sun Jun 19 22:22:02 2005     length 2 : 419
Sun Jun 19 22:22:02 2005  largest cycle: 2 relations
Sun Jun 19 22:22:02 2005  263 x 327 system, weight 3581 (avg 10.95/col)
Sun Jun 19 22:22:02 2005  reduce to 233 x 297 in 2 passes
Sun Jun 19 22:22:02 2005  lanczos halted after 5 iterations
Sun Jun 19 22:22:02 2005  recovered 63 nontrivial dependencies
Sun Jun 19 22:22:03 2005  prp7 factor: 3622687
Sun Jun 19 22:22:03 2005  prp8 factor: 18635381
Sun Jun 19 22:22:03 2005  prp14 factor: 17959304881043
Sun Jun 19 22:22:03 2005  elapsed time 00:00:01
Sun Jun 19 22:22:17 2005  
Sun Jun 19 22:22:17 2005  
Sun Jun 19 22:22:17 2005  Msieve v. 1.00
Sun Jun 19 22:22:17 2005  random seeds: ed3a8c83 37791f8f
Sun Jun 19 22:22:17 2005  factoring 121243541111111123123112312112312313123 (39 digits)
Sun Jun 19 22:22:17 2005  p2 factor: 23
Sun Jun 19 22:22:17 2005  using multiplier of 1
Sun Jun 19 22:22:17 2005  using sieve block of 65536
Sun Jun 19 22:22:17 2005  using a sieve bound of 7229 (463 primes)
Sun Jun 19 22:22:17 2005  using large prime bound of 289160 (18 bits)
Sun Jun 19 22:22:17 2005  634 relations (267 full + 367 combined from 2451 partial), need 559
Sun Jun 19 22:22:17 2005  begin with 2451 relations
Sun Jun 19 22:22:17 2005  reduce to 659 relations in 2 passes
Sun Jun 19 22:22:17 2005  attempting to read 267 full and 659 partial relations
Sun Jun 19 22:22:17 2005  recovered 267 full and 659 partial relations
Sun Jun 19 22:22:17 2005  recovered 72 polynomials
Sun Jun 19 22:22:17 2005  attempting to build 367 cycles
Sun Jun 19 22:22:17 2005  found 367 cycles in 1 passes
Sun Jun 19 22:22:17 2005  distribution of cycle lengths:
Sun Jun 19 22:22:17 2005     length 2 : 367
Sun Jun 19 22:22:17 2005  largest cycle: 2 relations
Sun Jun 19 22:22:17 2005  463 x 527 system, weight 8622 (avg 16.36/col)
Sun Jun 19 22:22:17 2005  reduce to 438 x 502 in 2 passes
Sun Jun 19 22:22:17 2005  lanczos halted after 8 iterations
Sun Jun 19 22:22:17 2005  recovered 64 nontrivial dependencies
Sun Jun 19 22:22:17 2005  prp15 factor: 453224986799077
Sun Jun 19 22:22:17 2005  prp23 factor: 11630996663287850072113
Sun Jun 19 22:22:17 2005  elapsed time 00:00:00
Sun Jun 19 22:22:25 2005  
Sun Jun 19 22:22:25 2005  
Sun Jun 19 22:22:25 2005  Msieve v. 1.00
Sun Jun 19 22:22:25 2005  random seeds: 5162fb2b f6b8df82
Sun Jun 19 22:22:25 2005  factoring 121243541111111123123112312112312313123 (39 digits)
Sun Jun 19 22:22:25 2005  p2 factor: 23
Sun Jun 19 22:22:25 2005  using multiplier of 1
Sun Jun 19 22:22:25 2005  using sieve block of 65536
Sun Jun 19 22:22:25 2005  using a sieve bound of 7229 (463 primes)
Sun Jun 19 22:22:25 2005  using large prime bound of 289160 (18 bits)
Sun Jun 19 22:22:25 2005  restarting with 267 full and 2451 partial relations
Sun Jun 19 22:22:25 2005  634 relations (267 full + 367 combined from 2451 partial), need 559
Sun Jun 19 22:22:25 2005  begin with 2451 relations
Sun Jun 19 22:22:25 2005  reduce to 659 relations in 2 passes
Sun Jun 19 22:22:25 2005  attempting to read 267 full and 659 partial relations
Sun Jun 19 22:22:25 2005  recovered 267 full and 659 partial relations
Sun Jun 19 22:22:25 2005  recovered 72 polynomials
Sun Jun 19 22:22:25 2005  attempting to build 367 cycles
Sun Jun 19 22:22:25 2005  found 367 cycles in 1 passes
Sun Jun 19 22:22:25 2005  distribution of cycle lengths:
Sun Jun 19 22:22:25 2005     length 2 : 367
Sun Jun 19 22:22:25 2005  largest cycle: 2 relations
Sun Jun 19 22:22:25 2005  463 x 527 system, weight 8622 (avg 16.36/col)
Sun Jun 19 22:22:25 2005  reduce to 438 x 502 in 2 passes
Sun Jun 19 22:22:25 2005  lanczos halted after 8 iterations
Sun Jun 19 22:22:25 2005  recovered 64 nontrivial dependencies
Sun Jun 19 22:22:25 2005  prp15 factor: 453224986799077
Sun Jun 19 22:22:25 2005  prp23 factor: 11630996663287850072113
Sun Jun 19 22:22:25 2005  elapsed time 00:00:00
Sun Jun 19 22:22:26 2005  
Sun Jun 19 22:22:26 2005  
Sun Jun 19 22:22:26 2005  Msieve v. 1.00
Sun Jun 19 22:22:26 2005  random seeds: bf947458 5d1081bf
Sun Jun 19 22:22:26 2005  factoring 121243541111111123123112312112312313123 (39 digits)
Sun Jun 19 22:22:26 2005  p2 factor: 23
Sun Jun 19 22:22:26 2005  using multiplier of 1
Sun Jun 19 22:22:26 2005  using sieve block of 65536
Sun Jun 19 22:22:26 2005  using a sieve bound of 7229 (463 primes)
Sun Jun 19 22:22:26 2005  using large prime bound of 289160 (18 bits)
Sun Jun 19 22:22:26 2005  restarting with 267 full and 2451 partial relations
Sun Jun 19 22:22:26 2005  634 relations (267 full + 367 combined from 2451 partial), need 559
Sun Jun 19 22:22:26 2005  begin with 2451 relations
Sun Jun 19 22:22:26 2005  reduce to 659 relations in 2 passes
Sun Jun 19 22:22:26 2005  attempting to read 267 full and 659 partial relations
Sun Jun 19 22:22:26 2005  recovered 267 full and 659 partial relations
Sun Jun 19 22:22:26 2005  recovered 72 polynomials
Sun Jun 19 22:22:26 2005  attempting to build 367 cycles
Sun Jun 19 22:22:26 2005  found 367 cycles in 1 passes
Sun Jun 19 22:22:26 2005  distribution of cycle lengths:
Sun Jun 19 22:22:26 2005     length 2 : 367
Sun Jun 19 22:22:26 2005  largest cycle: 2 relations
Sun Jun 19 22:22:26 2005  463 x 527 system, weight 8622 (avg 16.36/col)
Sun Jun 19 22:22:26 2005  reduce to 438 x 502 in 2 passes
Sun Jun 19 22:22:26 2005  lanczos halted after 8 iterations
Sun Jun 19 22:22:26 2005  recovered 64 nontrivial dependencies
Sun Jun 19 22:22:26 2005  prp15 factor: 453224986799077
Sun Jun 19 22:22:26 2005  prp23 factor: 11630996663287850072113
Sun Jun 19 22:22:26 2005  elapsed time 00:00:00
Sun Jun 19 22:22:28 2005  
Sun Jun 19 22:22:28 2005  
Sun Jun 19 22:22:28 2005  Msieve v. 1.00
Sun Jun 19 22:22:28 2005  random seeds: 0bd61af4 c3118e1f
Sun Jun 19 22:22:28 2005  factoring 121243541111111123123112312112312313123 (39 digits)
Sun Jun 19 22:22:28 2005  p2 factor: 23
Sun Jun 19 22:22:28 2005  using multiplier of 1
Sun Jun 19 22:22:28 2005  using sieve block of 65536
Sun Jun 19 22:22:28 2005  using a sieve bound of 7229 (463 primes)
Sun Jun 19 22:22:28 2005  using large prime bound of 289160 (18 bits)
Sun Jun 19 22:22:28 2005  restarting with 267 full and 2451 partial relations
Sun Jun 19 22:22:28 2005  634 relations (267 full + 367 combined from 2451 partial), need 559
Sun Jun 19 22:22:28 2005  begin with 2451 relations
Sun Jun 19 22:22:28 2005  reduce to 659 relations in 2 passes
Sun Jun 19 22:22:28 2005  attempting to read 267 full and 659 partial relations
Sun Jun 19 22:22:28 2005  recovered 267 full and 659 partial relations
Sun Jun 19 22:22:28 2005  recovered 72 polynomials
Sun Jun 19 22:22:28 2005  attempting to build 367 cycles
Sun Jun 19 22:22:28 2005  found 367 cycles in 1 passes
Sun Jun 19 22:22:28 2005  distribution of cycle lengths:
Sun Jun 19 22:22:28 2005     length 2 : 367
Sun Jun 19 22:22:28 2005  largest cycle: 2 relations
Sun Jun 19 22:22:28 2005  463 x 527 system, weight 8622 (avg 16.36/col)
Sun Jun 19 22:22:28 2005  reduce to 438 x 502 in 2 passes
Sun Jun 19 22:22:28 2005  lanczos halted after 8 iterations
Sun Jun 19 22:22:28 2005  recovered 64 nontrivial dependencies
Sun Jun 19 22:22:28 2005  prp15 factor: 453224986799077
Sun Jun 19 22:22:28 2005  prp23 factor: 11630996663287850072113
Sun Jun 19 22:22:28 2005  elapsed time 00:00:00
Sun Jun 19 22:24:18 2005  
Sun Jun 19 22:24:18 2005  
Sun Jun 19 22:24:18 2005  Msieve v. 1.00
Sun Jun 19 22:24:18 2005  random seeds: 47e37362 741e0ec2
Sun Jun 19 22:24:18 2005  factoring 12124354112111112 (17 digits)
Sun Jun 19 22:24:18 2005  p1 factor: 2
Sun Jun 19 22:24:18 2005  p1 factor: 2
Sun Jun 19 22:24:18 2005  p1 factor: 2
Sun Jun 19 22:24:18 2005  p1 factor: 3
Sun Jun 19 22:24:18 2005  prp5 factor: 90227
Sun Jun 19 22:24:18 2005  prp10 factor: 5599004969
